Using pre-set license
Built from '2021.2/staging' branch; Version is '2021.2.1f1 (c20c6d589440) revision 12717165'; Using compiler version '192829333'; Build Type 'Release'
OS: 'Windows 10 Home; OS build 19042.1348; Version 2009; 64bit' Language: 'en' Physical Memory: 16234 MB
BatchMode: 1, IsHumanControllingUs: 0, StartBugReporterOnCrash: 0, Is64bit: 1, IsPro: 0

COMMAND LINE ARGUMENTS:
D:\Unity\2021.2.1f1\Editor\Unity.exe
-adb2
-batchMode
-noUpm
-name
AssetImportWorker0
-projectPath
D:/Coding/Unity/COMP394_GroupProject
-logFile
Logs/AssetImportWorker0.log
-srvPort
51755
Successfully changed project path to: D:/Coding/Unity/COMP394_GroupProject
D:/Coding/Unity/COMP394_GroupProject
[UnityMemory] Configuration Parameters - Can be set up in boot.config
    "memorysetup-bucket-allocator-granularity=16"
    "memorysetup-bucket-allocator-bucket-count=8"
    "memorysetup-bucket-allocator-block-size=33554432"
    "memorysetup-bucket-allocator-block-count=8"
    "memorysetup-main-allocator-block-size=16777216"
    "memorysetup-thread-allocator-block-size=16777216"
    "memorysetup-gfx-main-allocator-block-size=16777216"
    "memorysetup-gfx-thread-allocator-block-size=16777216"
    "memorysetup-cache-allocator-block-size=4194304"
    "memorysetup-typetree-allocator-block-size=2097152"
    "memorysetup-profiler-bucket-allocator-granularity=16"
    "memorysetup-profiler-bucket-allocator-bucket-count=8"
    "memorysetup-profiler-bucket-allocator-block-size=33554432"
    "memorysetup-profiler-bucket-allocator-block-count=8"
    "memorysetup-profiler-allocator-block-size=16777216"
    "memorysetup-profiler-editor-allocator-block-size=1048576"
    "memorysetup-temp-allocator-size-main=16777216"
    "memorysetup-job-temp-allocator-block-size=2097152"
    "memorysetup-job-temp-allocator-block-size-background=1048576"
    "memorysetup-job-temp-allocator-reduction-small-platforms=262144"
    "memorysetup-temp-allocator-size-background-worker=32768"
    "memorysetup-temp-allocator-size-job-worker=262144"
    "memorysetup-temp-allocator-size-preload-manager=33554432"
    "memorysetup-temp-allocator-size-nav-mesh-worker=65536"
    "memorysetup-temp-allocator-size-audio-worker=65536"
    "memorysetup-temp-allocator-size-cloud-worker=32768"
    "memorysetup-temp-allocator-size-gi-baking-worker=262144"
    "memorysetup-temp-allocator-size-gfx=262144"
Refreshing native plugins compatible for Editor in 46.93 ms, found 3 plugins.
Preloading 0 native plugins for Editor in 0.00 ms.
Initialize engine version: 2021.2.1f1 (c20c6d589440)
[Subsystems] Discovering subsystems at path D:/Unity/2021.2.1f1/Editor/Data/Resources/UnitySubsystems
[Subsystems] Discovering subsystems at path D:/Coding/Unity/COMP394_GroupProject/Assets
GfxDevice: creating device client; threaded=0; jobified=0
Direct3D:
    Version:  Direct3D 11.0 [level 11.1]
    Renderer: NVIDIA GeForce GTX 1050 Ti (ID=0x1c8c)
    Vendor:   NVIDIA
    VRAM:     4018 MB
    Driver:   30.0.14.7196
Initialize mono
Mono path[0] = 'D:/Unity/2021.2.1f1/Editor/Data/Managed'
Mono path[1] = 'D:/Unity/2021.2.1f1/Editor/Data/MonoBleedingEdge/lib/mono/unityjit-win32'
Mono config path = 'D:/Unity/2021.2.1f1/Editor/Data/MonoBleedingEdge/etc'
Using monoOptions --debugger-agent=transport=dt_socket,embedding=1,server=y,suspend=n,address=127.0.0.1:56488
Begin MonoManager ReloadAssembly
Registering precompiled unity dll's ...
Register platform support module: D:/Unity/2021.2.1f1/Editor/Data/PlaybackEngines/WebGLSupport/UnityEditor.WebGL.Extensions.dll
Register platform support module: D:/Unity/2021.2.1f1/Editor/Data/PlaybackEngines/WindowsStandaloneSupport/UnityEditor.WindowsStandalone.Extensions.dll
Registered in 0.003729 seconds.
Native extension for WindowsStandalone target not found
Native extension for WebGL target not found
Refreshing native plugins compatible for Editor in 45.50 ms, found 3 plugins.
Preloading 0 native plugins for Editor in 0.00 ms.
Mono: successfully reloaded assembly
- Completed reload, in  1.533 seconds
Domain Reload Profiling:
	ReloadAssembly (1533ms)
		BeginReloadAssembly (113ms)
			ExecutionOrderSort (0ms)
			DisableScriptedObjects (0ms)
			BackupInstance (0ms)
			ReleaseScriptingObjects (0ms)
			CreateAndSetChildDomain (1ms)
		EndReloadAssembly (449ms)
			LoadAssemblies (114ms)
			RebuildTransferFunctionScriptingTraits (0ms)
			SetupTypeCache (114ms)
			ReleaseScriptCaches (0ms)
			RebuildScriptCaches (31ms)
			SetupLoadedEditorAssemblies (253ms)
				LogAssemblyErrors (0ms)
				InitializePlatformSupportModulesInManaged (7ms)
				SetLoadedEditorAssemblies (0ms)
				RefreshPlugins (46ms)
				BeforeProcessingInitializeOnLoad (1ms)
				ProcessInitializeOnLoadAttributes (151ms)
				ProcessInitializeOnLoadMethodAttributes (48ms)
				AfterProcessingInitializeOnLoad (0ms)
				EditorAssembliesLoaded (0ms)
			ExecutionOrderSort2 (0ms)
			AwakeInstancesAfterBackupRestoration (0ms)
Platform modules already initialized, skipping
Registering precompiled user dll's ...
Registered in 0.007145 seconds.
Begin MonoManager ReloadAssembly
Native extension for WindowsStandalone target not found
Native extension for WebGL target not found
Refreshing native plugins compatible for Editor in 73.46 ms, found 3 plugins.
Preloading 0 native plugins for Editor in 0.00 ms.
Mono: successfully reloaded assembly
- Completed reload, in  1.622 seconds
Domain Reload Profiling:
	ReloadAssembly (1623ms)
		BeginReloadAssembly (222ms)
			ExecutionOrderSort (0ms)
			DisableScriptedObjects (6ms)
			BackupInstance (0ms)
			ReleaseScriptingObjects (0ms)
			CreateAndSetChildDomain (25ms)
		EndReloadAssembly (1282ms)
			LoadAssemblies (124ms)
			RebuildTransferFunctionScriptingTraits (0ms)
			SetupTypeCache (244ms)
			ReleaseScriptCaches (1ms)
			RebuildScriptCaches (59ms)
			SetupLoadedEditorAssemblies (772ms)
				LogAssemblyErrors (0ms)
				InitializePlatformSupportModulesInManaged (19ms)
				SetLoadedEditorAssemblies (0ms)
				RefreshPlugins (74ms)
				BeforeProcessingInitializeOnLoad (113ms)
				ProcessInitializeOnLoadAttributes (529ms)
				ProcessInitializeOnLoadMethodAttributes (35ms)
				AfterProcessingInitializeOnLoad (3ms)
				EditorAssembliesLoaded (0ms)
			ExecutionOrderSort2 (0ms)
			AwakeInstancesAfterBackupRestoration (6ms)
Platform modules already initialized, skipping
========================================================================
Worker process is ready to serve import requests
Launched and connected shader compiler UnityShaderCompiler.exe after 0.07 seconds
Refreshing native plugins compatible for Editor in 0.58 ms, found 3 plugins.
Preloading 0 native plugins for Editor in 0.00 ms.
Unloading 2475 Unused Serialized files (Serialized files now loaded: 0)
Unloading 48 unused Assets / (128.4 KB). Loaded Objects now: 2935.
Memory consumption went from 115.6 MB to 115.5 MB.
Total: 4.388500 ms (FindLiveObjects: 0.276400 ms CreateObjectMapping: 0.183200 ms MarkObjects: 3.789100 ms  DeleteObjects: 0.137900 ms)

AssetImportParameters requested are different than current active one (requested -> active):
  custom:video-decoder-ogg-theora: a1e56fd34408186e4bbccfd4996cb3dc -> 
  custom:container-muxer-webm: aa71ff27fc2769a1b78a27578f13a17b -> 
  custom:container-demuxer-webm: 4f35f7cbe854078d1ac9338744f61a02 -> 
  custom:video-encoder-webm-vp8: eb34c28f22e8b96e1ab97ce403110664 -> 
  custom:video-codec-MediaFoundation-h265: 746d11721c4dcdbdad8f713fa42b33f4 -> 
  custom:audio-encoder-webm-vorbis: bf7c407c2cedff20999df2af8eb42d56 -> 
  custom:framework-win-MediaFoundation: 216162199b28c13a410421893ffa2e32 -> 
  custom:container-demuxer-ogg: 62fdf1f143b41e24485cea50d1cbac27 -> 
  custom:video-decoder-webm-vp8: 9c59270c3fd7afecdb556c50c9e8de78 -> 
  custom:audio-decoder-ogg-vorbis: bf7c407c2cedff20999df2af8eb42d56 -> 
========================================================================
Received Import Request.
  Time since last request: 421352.693120 seconds.
  path: Assets/dirtCenter_rounded.asset
  artifactKey: Guid(5865ea5d5e1af644ca79bba9c641f826) Importer(815301076,1909f56bfc062723c751e8b465ee728b)
Start importing Assets/dirtCenter_rounded.asset using Guid(5865ea5d5e1af644ca79bba9c641f826) Importer(815301076,1909f56bfc062723c751e8b465ee728b)  -> (artifact id: 'fc416a5c0de1abe4a65791e5f892bd9f') in 0.097596 seconds 
========================================================================
Received Import Request.
  Time since last request: 0.000024 seconds.
  path: Assets/dirtHalfMid.asset
  artifactKey: Guid(714b5e2c937945b42af2a9a5ca7027b7) Importer(815301076,1909f56bfc062723c751e8b465ee728b)
Start importing Assets/dirtHalfMid.asset using Guid(714b5e2c937945b42af2a9a5ca7027b7) Importer(815301076,1909f56bfc062723c751e8b465ee728b)  -> (artifact id: 'c5d112cb5266491476fd988e3c5f3c30') in 0.016391 seconds 
========================================================================
Received Import Request.
  Time since last request: 0.000041 seconds.
  path: Assets/boxExplosiveAlt.asset
  artifactKey: Guid(9108ce59cf7047c419ff3d244d2dcdd6) Importer(815301076,1909f56bfc062723c751e8b465ee728b)
Start importing Assets/boxExplosiveAlt.asset using Guid(9108ce59cf7047c419ff3d244d2dcdd6) Importer(815301076,1909f56bfc062723c751e8b465ee728b)  -> (artifact id: '7d43046a684f583b37e3af9c5b6d1517') in 0.014757 seconds 
========================================================================
Received Import Request.
  Time since last request: 0.000019 seconds.
  path: Assets/castleHalfMid.asset
  artifactKey: Guid(aa0bd601d885e2c4ba60a1e94ce767d6) Importer(815301076,1909f56bfc062723c751e8b465ee728b)
Start importing Assets/castleHalfMid.asset using Guid(aa0bd601d885e2c4ba60a1e94ce767d6) Importer(815301076,1909f56bfc062723c751e8b465ee728b)  -> (artifact id: '87e81309723a916dfc7a2b4924183a1a') in 0.017034 seconds 
========================================================================
Received Import Request.
  Time since last request: 0.000045 seconds.
  path: Assets/castleHillRight.asset
  artifactKey: Guid(05ef013fdb4063841be254e8b8bf8bfa) Importer(815301076,1909f56bfc062723c751e8b465ee728b)
Start importing Assets/castleHillRight.asset using Guid(05ef013fdb4063841be254e8b8bf8bfa) Importer(815301076,1909f56bfc062723c751e8b465ee728b)  -> (artifact id: 'fc785e4d2dad357a9d8fed45f628a10c') in 0.015326 seconds 
========================================================================
Received Import Request.
  Time since last request: 0.000103 seconds.
  path: Assets/grassCenter_rounded.asset
  artifactKey: Guid(86e040e83e242c24ea18ba7c0ac350d9) Importer(815301076,1909f56bfc062723c751e8b465ee728b)
Start importing Assets/grassCenter_rounded.asset using Guid(86e040e83e242c24ea18ba7c0ac350d9) Importer(815301076,1909f56bfc062723c751e8b465ee728b)  -> (artifact id: '85e025c8210732d65e6c718b672c83dc') in 0.015947 seconds 
========================================================================
Received Import Request.
  Time since last request: 0.000015 seconds.
  path: Assets/dirtHalf.asset
  artifactKey: Guid(bf7d6117ff5220d47bca9004f77cba81) Importer(815301076,1909f56bfc062723c751e8b465ee728b)
Start importing Assets/dirtHalf.asset using Guid(bf7d6117ff5220d47bca9004f77cba81) Importer(815301076,1909f56bfc062723c751e8b465ee728b)  -> (artifact id: '8408a6bd3bdf8065ad6ec950585e1e07') in 0.014773 seconds 
========================================================================
Received Import Request.
  Time since last request: 0.000021 seconds.
  path: Assets/grassCliffRightAlt.asset
  artifactKey: Guid(16ca44a319e033246976b1bc36045806) Importer(815301076,1909f56bfc062723c751e8b465ee728b)
Start importing Assets/grassCliffRightAlt.asset using Guid(16ca44a319e033246976b1bc36045806) Importer(815301076,1909f56bfc062723c751e8b465ee728b)  -> (artifact id: '198f883a74ae6377d01155cadda45b12') in 0.015044 seconds 
========================================================================
Received Import Request.
  Time since last request: 0.000016 seconds.
  path: Assets/boxWarning.asset
  artifactKey: Guid(244073ac114e73846b640e71b9d81c24) Importer(815301076,1909f56bfc062723c751e8b465ee728b)
Start importing Assets/boxWarning.asset using Guid(244073ac114e73846b640e71b9d81c24) Importer(815301076,1909f56bfc062723c751e8b465ee728b)  -> (artifact id: '93c364bf4ae61eed23b62640538319d2') in 0.016213 seconds 
========================================================================
Received Import Request.
  Time since last request: 0.000028 seconds.
  path: Assets/boxCoin.asset
  artifactKey: Guid(8e31da86f05971f44b5c035eaf7fb464) Importer(815301076,1909f56bfc062723c751e8b465ee728b)
Start importing Assets/boxCoin.asset using Guid(8e31da86f05971f44b5c035eaf7fb464) Importer(815301076,1909f56bfc062723c751e8b465ee728b)  -> (artifact id: '265e454195be57327575139ae5b6d13c') in 0.017339 seconds 
========================================================================
Received Import Request.
  Time since last request: 0.000022 seconds.
  path: Assets/dirtCliffLeft.asset
  artifactKey: Guid(3e41947703d609746a47774314e5399b) Importer(815301076,1909f56bfc062723c751e8b465ee728b)
Start importing Assets/dirtCliffLeft.asset using Guid(3e41947703d609746a47774314e5399b) Importer(815301076,1909f56bfc062723c751e8b465ee728b)  -> (artifact id: 'ed0fe21806c31c41e1692cea8cc42142') in 0.021189 seconds 
========================================================================
Received Import Request.
  Time since last request: 0.000036 seconds.
  path: Assets/dirtHillLeft.asset
  artifactKey: Guid(bf71a52f99396dd4d85ee230e992784b) Importer(815301076,1909f56bfc062723c751e8b465ee728b)
Start importing Assets/dirtHillLeft.asset using Guid(bf71a52f99396dd4d85ee230e992784b) Importer(815301076,1909f56bfc062723c751e8b465ee728b)  -> (artifact id: '5764f9f6e66a919289435637e01af602') in 0.019245 seconds 
========================================================================
Received Import Request.
  Time since last request: 0.000037 seconds.
  path: Assets/castleLeft.asset
  artifactKey: Guid(b854ab21c4538654eb038f871faf454a) Importer(815301076,1909f56bfc062723c751e8b465ee728b)
Start importing Assets/castleLeft.asset using Guid(b854ab21c4538654eb038f871faf454a) Importer(815301076,1909f56bfc062723c751e8b465ee728b)  -> (artifact id: 'aba8bd5232b2f2a79fdec4ce12f438dc') in 0.017217 seconds 
========================================================================
Received Import Request.
  Time since last request: 0.000028 seconds.
  path: Assets/dirtLedgeRight.asset
  artifactKey: Guid(dc0ee9ed3c5e11d4f86918986a243bdf) Importer(815301076,1909f56bfc062723c751e8b465ee728b)
Start importing Assets/dirtLedgeRight.asset using Guid(dc0ee9ed3c5e11d4f86918986a243bdf) Importer(815301076,1909f56bfc062723c751e8b465ee728b)  -> (artifact id: '32cc7dba77516f7bdce1a9d75cc01ce5') in 0.016901 seconds 
========================================================================
Received Import Request.
  Time since last request: 0.000023 seconds.
  path: Assets/castleCliffRightAlt.asset
  artifactKey: Guid(d680d519d1bc47143bd863f54a4ad8e7) Importer(815301076,1909f56bfc062723c751e8b465ee728b)
Start importing Assets/castleCliffRightAlt.asset using Guid(d680d519d1bc47143bd863f54a4ad8e7) Importer(815301076,1909f56bfc062723c751e8b465ee728b)  -> (artifact id: '18c1e42c1442013c84bf9b1d16e407a6') in 0.013647 seconds 
========================================================================
Received Import Request.
  Time since last request: 0.000022 seconds.
  path: Assets/door_openMid.asset
  artifactKey: Guid(3b414b3f3506e3f469941fc1e73fb78b) Importer(815301076,1909f56bfc062723c751e8b465ee728b)
Start importing Assets/door_openMid.asset using Guid(3b414b3f3506e3f469941fc1e73fb78b) Importer(815301076,1909f56bfc062723c751e8b465ee728b)  -> (artifact id: 'ceba6a1186257766db406bb9e45947c9') in 0.015461 seconds 
========================================================================
Received Import Request.
  Time since last request: 0.000016 seconds.
  path: Assets/dirtCenter.asset
  artifactKey: Guid(a84ad78120178ef489aa721058e3e5d8) Importer(815301076,1909f56bfc062723c751e8b465ee728b)
Start importing Assets/dirtCenter.asset using Guid(a84ad78120178ef489aa721058e3e5d8) Importer(815301076,1909f56bfc062723c751e8b465ee728b)  -> (artifact id: '098c2adbcd8ba0872140041b9f58a782') in 0.020102 seconds 
========================================================================
Received Import Request.
  Time since last request: 0.000024 seconds.
  path: Assets/bridge.asset
  artifactKey: Guid(5badd6b49e3bbcb43a3ea33a199871fb) Importer(815301076,1909f56bfc062723c751e8b465ee728b)
Start importing Assets/bridge.asset using Guid(5badd6b49e3bbcb43a3ea33a199871fb) Importer(815301076,1909f56bfc062723c751e8b465ee728b)  -> (artifact id: '9beef19ba1e4a9cb8cd5f4bcd2205300') in 0.014523 seconds 
========================================================================
Received Import Request.
  Time since last request: 0.000016 seconds.
  path: Assets/castleLedgeRight.asset
  artifactKey: Guid(f1526df8abb78e545aab34d83baae9ec) Importer(815301076,1909f56bfc062723c751e8b465ee728b)
Start importing Assets/castleLedgeRight.asset using Guid(f1526df8abb78e545aab34d83baae9ec) Importer(815301076,1909f56bfc062723c751e8b465ee728b)  -> (artifact id: '59e6c9c84e2917c303f4e95dd3d9269e') in 0.017214 seconds 
========================================================================
Received Import Request.
  Time since last request: 0.000019 seconds.
  path: Assets/dirtRight.asset
  artifactKey: Guid(7e67f9c1c839b2c42b4046949eec8e15) Importer(815301076,1909f56bfc062723c751e8b465ee728b)
Start importing Assets/dirtRight.asset using Guid(7e67f9c1c839b2c42b4046949eec8e15) Importer(815301076,1909f56bfc062723c751e8b465ee728b)  -> (artifact id: '8b46b83453ca9b16504808988ecc5cef') in 0.017097 seconds 
========================================================================
Received Import Request.
  Time since last request: 0.000016 seconds.
  path: Assets/dirtHillRight.asset
  artifactKey: Guid(0c7dbff8b75cb874880a0683942a5063) Importer(815301076,1909f56bfc062723c751e8b465ee728b)
Start importing Assets/dirtHillRight.asset using Guid(0c7dbff8b75cb874880a0683942a5063) Importer(815301076,1909f56bfc062723c751e8b465ee728b)  -> (artifact id: 'c910fe57ba8223a5b101886333e5b901') in 0.015890 seconds 
========================================================================
Received Import Request.
  Time since last request: 0.000018 seconds.
  path: Assets/castleHillLeft.asset
  artifactKey: Guid(6a9534aa229031e48b63924a97ee4926) Importer(815301076,1909f56bfc062723c751e8b465ee728b)
Start importing Assets/castleHillLeft.asset using Guid(6a9534aa229031e48b63924a97ee4926) Importer(815301076,1909f56bfc062723c751e8b465ee728b)  -> (artifact id: 'a7ee6f5fab2731b38ebd09b47e5c2de9') in 0.019309 seconds 
========================================================================
Received Import Request.
  Time since last request: 0.000031 seconds.
  path: Assets/dirtCliffRight.asset
  artifactKey: Guid(88cb748a3d7f7ce4b931b229b766fbe5) Importer(815301076,1909f56bfc062723c751e8b465ee728b)
Start importing Assets/dirtCliffRight.asset using Guid(88cb748a3d7f7ce4b931b229b766fbe5) Importer(815301076,1909f56bfc062723c751e8b465ee728b)  -> (artifact id: '1144208a74b0ca72c6cbb8904da2cb1f') in 0.016322 seconds 
========================================================================
Received Import Request.
  Time since last request: 0.000033 seconds.
  path: Assets/castleRight.asset
  artifactKey: Guid(5c652c87562263846a0688a92f11d03c) Importer(815301076,1909f56bfc062723c751e8b465ee728b)
Start importing Assets/castleRight.asset using Guid(5c652c87562263846a0688a92f11d03c) Importer(815301076,1909f56bfc062723c751e8b465ee728b)  -> (artifact id: '65678e96b81283da2fdb6309ab112055') in 0.016334 seconds 
========================================================================
Received Import Request.
  Time since last request: 0.000038 seconds.
  path: Assets/boxCoin_disabled.asset
  artifactKey: Guid(b4e959779e19d2a43bb16f3f9ef4c3fc) Importer(815301076,1909f56bfc062723c751e8b465ee728b)
Start importing Assets/boxCoin_disabled.asset using Guid(b4e959779e19d2a43bb16f3f9ef4c3fc) Importer(815301076,1909f56bfc062723c751e8b465ee728b)  -> (artifact id: '8a74daeb65263c697f574af06a5e9049') in 0.016690 seconds 
========================================================================
Received Import Request.
  Time since last request: 0.000023 seconds.
  path: Assets/bridgeLogs.asset
  artifactKey: Guid(b39f99fcbdc704e4cb30164f49e3c4ac) Importer(815301076,1909f56bfc062723c751e8b465ee728b)
Start importing Assets/bridgeLogs.asset using Guid(b39f99fcbdc704e4cb30164f49e3c4ac) Importer(815301076,1909f56bfc062723c751e8b465ee728b)  -> (artifact id: '28b37e9a8b1bf7576488b8a745502517') in 0.017857 seconds 
========================================================================
Received Import Request.
  Time since last request: 0.000044 seconds.
  path: Assets/dirtHalfLeft.asset
  artifactKey: Guid(941fbefdb7daa2d44a89f9257933d7bb) Importer(815301076,1909f56bfc062723c751e8b465ee728b)
Start importing Assets/dirtHalfLeft.asset using Guid(941fbefdb7daa2d44a89f9257933d7bb) Importer(815301076,1909f56bfc062723c751e8b465ee728b)  -> (artifact id: 'fc162bce44af5b0661bee25b6e4207c7') in 0.018828 seconds 
========================================================================
Received Import Request.
  Time since last request: 0.000039 seconds.
  path: Assets/dirt.asset
  artifactKey: Guid(7607e97fca5808f4cbc583f2df0acee2) Importer(815301076,1909f56bfc062723c751e8b465ee728b)
Start importing Assets/dirt.asset using Guid(7607e97fca5808f4cbc583f2df0acee2) Importer(815301076,1909f56bfc062723c751e8b465ee728b)  -> (artifact id: '3dcf984589afbf9e0a87704ba4b76b20') in 0.015269 seconds 
========================================================================
Received Import Request.
  Time since last request: 0.000044 seconds.
  path: Assets/castleHillRight2.asset
  artifactKey: Guid(2afd9e083600136468e9885c041943d9) Importer(815301076,1909f56bfc062723c751e8b465ee728b)
Start importing Assets/castleHillRight2.asset using Guid(2afd9e083600136468e9885c041943d9) Importer(815301076,1909f56bfc062723c751e8b465ee728b)  -> (artifact id: '7f25de244e2b425b845823f15e75f39b') in 0.016510 seconds 
========================================================================
Received Import Request.
  Time since last request: 0.000024 seconds.
  path: Assets/dirtHillLeft2.asset
  artifactKey: Guid(220b567641a1dd346a12e89d9ff99ae4) Importer(815301076,1909f56bfc062723c751e8b465ee728b)
Start importing Assets/dirtHillLeft2.asset using Guid(220b567641a1dd346a12e89d9ff99ae4) Importer(815301076,1909f56bfc062723c751e8b465ee728b)  -> (artifact id: 'b610633dd3b57ee0bf93575a166c8e26') in 0.018002 seconds 
========================================================================
Received Import Request.
  Time since last request: 0.000023 seconds.
  path: Assets/fence.asset
  artifactKey: Guid(bed324191d89889488ecba3b69670719) Importer(815301076,1909f56bfc062723c751e8b465ee728b)
Start importing Assets/fence.asset using Guid(bed324191d89889488ecba3b69670719) Importer(815301076,1909f56bfc062723c751e8b465ee728b)  -> (artifact id: 'd328f5d923139aae09346cb8dc5b3627') in 0.016858 seconds 
========================================================================
Received Import Request.
  Time since last request: 0.000018 seconds.
  path: Assets/castleHalfLeft.asset
  artifactKey: Guid(9db5dec4dbadffe4191153eb3436a486) Importer(815301076,1909f56bfc062723c751e8b465ee728b)
Start importing Assets/castleHalfLeft.asset using Guid(9db5dec4dbadffe4191153eb3436a486) Importer(815301076,1909f56bfc062723c751e8b465ee728b)  -> (artifact id: '157cc18b08052a977a594be9fc050be4') in 0.016896 seconds 
========================================================================
Received Import Request.
  Time since last request: 0.000022 seconds.
  path: Assets/castleCliffLeft.asset
  artifactKey: Guid(6315ad82b3c22534da455fb0371fa851) Importer(815301076,1909f56bfc062723c751e8b465ee728b)
Start importing Assets/castleCliffLeft.asset using Guid(6315ad82b3c22534da455fb0371fa851) Importer(815301076,1909f56bfc062723c751e8b465ee728b)  -> (artifact id: '4dc3d83cb80fa37eaec51a260fe7e55d') in 0.013712 seconds 
========================================================================
Received Import Request.
  Time since last request: 0.000049 seconds.
  path: Assets/boxItem_disabled.asset
  artifactKey: Guid(2b8f2607068eeb14aa8e830952301239) Importer(815301076,1909f56bfc062723c751e8b465ee728b)
Start importing Assets/boxItem_disabled.asset using Guid(2b8f2607068eeb14aa8e830952301239) Importer(815301076,1909f56bfc062723c751e8b465ee728b)  -> (artifact id: '311ff2d300d2439a824b1a2790cf177c') in 0.015993 seconds 
========================================================================
Received Import Request.
  Time since last request: 0.000040 seconds.
  path: Assets/Scenes/MainMenu.unity
  artifactKey: Guid(98f478988813f34488024d12c4d9be93) Importer(815301076,1909f56bfc062723c751e8b465ee728b)
Start importing Assets/Scenes/MainMenu.unity using Guid(98f478988813f34488024d12c4d9be93) Importer(815301076,1909f56bfc062723c751e8b465ee728b)  -> (artifact id: '068558bfac39e25a0808c786197a9f4a') in 0.011297 seconds 
========================================================================
Received Import Request.
  Time since last request: 0.000021 seconds.
  path: Assets/grassCliffLeft.asset
  artifactKey: Guid(8251d9f88993b594d9b78c370ac9dbc9) Importer(815301076,1909f56bfc062723c751e8b465ee728b)
Start importing Assets/grassCliffLeft.asset using Guid(8251d9f88993b594d9b78c370ac9dbc9) Importer(815301076,1909f56bfc062723c751e8b465ee728b)  -> (artifact id: '6762a8d854509ab08eee22d3acc1b4a5') in 0.021387 seconds 
========================================================================
Received Import Request.
  Time since last request: 39.217340 seconds.
  path: Assets/Scenes/MainMenu.unity
  artifactKey: Guid(98f478988813f34488024d12c4d9be93) Importer(815301076,1909f56bfc062723c751e8b465ee728b)
Start importing Assets/Scenes/MainMenu.unity using Guid(98f478988813f34488024d12c4d9be93) Importer(815301076,1909f56bfc062723c751e8b465ee728b)  -> (artifact id: '1ef2bd8eed679e3e5f3ef6b0f8ecc2f2') in 0.005487 seconds 
========================================================================
Received Prepare
Registering precompiled user dll's ...
Registered in 0.008899 seconds.
Begin MonoManager ReloadAssembly
Native extension for WindowsStandalone target not found
Native extension for WebGL target not found
Refreshing native plugins compatible for Editor in 0.62 ms, found 3 plugins.
Preloading 0 native plugins for Editor in 0.00 ms.
Mono: successfully reloaded assembly
- Completed reload, in  1.303 seconds
Domain Reload Profiling:
	ReloadAssembly (1304ms)
		BeginReloadAssembly (165ms)
			ExecutionOrderSort (0ms)
			DisableScriptedObjects (6ms)
			BackupInstance (0ms)
			ReleaseScriptingObjects (0ms)
			CreateAndSetChildDomain (38ms)
		EndReloadAssembly (1044ms)
			LoadAssemblies (120ms)
			RebuildTransferFunctionScriptingTraits (0ms)
			SetupTypeCache (214ms)
			ReleaseScriptCaches (1ms)
			RebuildScriptCaches (53ms)
			SetupLoadedEditorAssemblies (562ms)
				LogAssemblyErrors (0ms)
				InitializePlatformSupportModulesInManaged (12ms)
				SetLoadedEditorAssemblies (0ms)
				RefreshPlugins (1ms)
				BeforeProcessingInitializeOnLoad (60ms)
				ProcessInitializeOnLoadAttributes (435ms)
				ProcessInitializeOnLoadMethodAttributes (49ms)
				AfterProcessingInitializeOnLoad (5ms)
				EditorAssembliesLoaded (0ms)
			ExecutionOrderSort2 (0ms)
			AwakeInstancesAfterBackupRestoration (17ms)
Platform modules already initialized, skipping
Refreshing native plugins compatible for Editor in 1.70 ms, found 3 plugins.
Preloading 0 native plugins for Editor in 0.00 ms.
Unloading 2451 Unused Serialized files (Serialized files now loaded: 0)
Unloading 24 unused Assets / (95.3 KB). Loaded Objects now: 2955.
Memory consumption went from 113.7 MB to 113.6 MB.
Total: 4.996800 ms (FindLiveObjects: 0.333100 ms CreateObjectMapping: 0.261800 ms MarkObjects: 4.363600 ms  DeleteObjects: 0.037000 ms)

AssetImportParameters requested are different than current active one (requested -> active):
  custom:video-decoder-ogg-theora: a1e56fd34408186e4bbccfd4996cb3dc -> 
  custom:container-muxer-webm: aa71ff27fc2769a1b78a27578f13a17b -> 
  custom:container-demuxer-webm: 4f35f7cbe854078d1ac9338744f61a02 -> 
  custom:video-encoder-webm-vp8: eb34c28f22e8b96e1ab97ce403110664 -> 
  custom:video-codec-MediaFoundation-h265: 746d11721c4dcdbdad8f713fa42b33f4 -> 
  custom:audio-encoder-webm-vorbis: bf7c407c2cedff20999df2af8eb42d56 -> 
  custom:framework-win-MediaFoundation: 216162199b28c13a410421893ffa2e32 -> 
  custom:container-demuxer-ogg: 62fdf1f143b41e24485cea50d1cbac27 -> 
  custom:video-decoder-webm-vp8: 9c59270c3fd7afecdb556c50c9e8de78 -> 
  custom:audio-decoder-ogg-vorbis: bf7c407c2cedff20999df2af8eb42d56 -> 
========================================================================
Received Prepare
Registering precompiled user dll's ...
Registered in 0.008231 seconds.
Begin MonoManager ReloadAssembly
Native extension for WindowsStandalone target not found
Native extension for WebGL target not found
Refreshing native plugins compatible for Editor in 1.26 ms, found 3 plugins.
Preloading 0 native plugins for Editor in 0.00 ms.
Mono: successfully reloaded assembly
- Completed reload, in  1.614 seconds
Domain Reload Profiling:
	ReloadAssembly (1615ms)
		BeginReloadAssembly (165ms)
			ExecutionOrderSort (0ms)
			DisableScriptedObjects (7ms)
			BackupInstance (0ms)
			ReleaseScriptingObjects (0ms)
			CreateAndSetChildDomain (36ms)
		EndReloadAssembly (1353ms)
			LoadAssemblies (136ms)
			RebuildTransferFunctionScriptingTraits (0ms)
			SetupTypeCache (314ms)
			ReleaseScriptCaches (2ms)
			RebuildScriptCaches (69ms)
			SetupLoadedEditorAssemblies (693ms)
				LogAssemblyErrors (0ms)
				InitializePlatformSupportModulesInManaged (19ms)
				SetLoadedEditorAssemblies (1ms)
				RefreshPlugins (1ms)
				BeforeProcessingInitializeOnLoad (81ms)
				ProcessInitializeOnLoadAttributes (543ms)
				ProcessInitializeOnLoadMethodAttributes (44ms)
				AfterProcessingInitializeOnLoad (4ms)
				EditorAssembliesLoaded (0ms)
			ExecutionOrderSort2 (0ms)
			AwakeInstancesAfterBackupRestoration (15ms)
Platform modules already initialized, skipping
Refreshing native plugins compatible for Editor in 1.41 ms, found 3 plugins.
Preloading 0 native plugins for Editor in 0.00 ms.
Unloading 2450 Unused Serialized files (Serialized files now loaded: 0)
Unloading 24 unused Assets / (95.3 KB). Loaded Objects now: 2970.
Memory consumption went from 113.7 MB to 113.6 MB.
Total: 5.043900 ms (FindLiveObjects: 0.398400 ms CreateObjectMapping: 0.245800 ms MarkObjects: 4.330600 ms  DeleteObjects: 0.067200 ms)

AssetImportParameters requested are different than current active one (requested -> active):
  custom:video-decoder-ogg-theora: a1e56fd34408186e4bbccfd4996cb3dc -> 
  custom:container-muxer-webm: aa71ff27fc2769a1b78a27578f13a17b -> 
  custom:container-demuxer-webm: 4f35f7cbe854078d1ac9338744f61a02 -> 
  custom:video-encoder-webm-vp8: eb34c28f22e8b96e1ab97ce403110664 -> 
  custom:video-codec-MediaFoundation-h265: 746d11721c4dcdbdad8f713fa42b33f4 -> 
  custom:audio-encoder-webm-vorbis: bf7c407c2cedff20999df2af8eb42d56 -> 
  custom:framework-win-MediaFoundation: 216162199b28c13a410421893ffa2e32 -> 
  custom:container-demuxer-ogg: 62fdf1f143b41e24485cea50d1cbac27 -> 
  custom:video-decoder-webm-vp8: 9c59270c3fd7afecdb556c50c9e8de78 -> 
  custom:audio-decoder-ogg-vorbis: bf7c407c2cedff20999df2af8eb42d56 -> 
========================================================================
Received Import Request.
  Time since last request: 77.441611 seconds.
  path: Assets/Sounds/MusicMixer.mixer
  artifactKey: Guid(c1ac3c6254400ce429b84fbd610b0d94) Importer(815301076,1909f56bfc062723c751e8b465ee728b)
Start importing Assets/Sounds/MusicMixer.mixer using Guid(c1ac3c6254400ce429b84fbd610b0d94) Importer(815301076,1909f56bfc062723c751e8b465ee728b)  -> (artifact id: '9b990857ebb72bf5b1082fde76fa79d5') in 0.019567 seconds 
========================================================================
Received Import Request.
  Time since last request: 1.789612 seconds.
  path: Assets/Scripts/PlayerController.cs
  artifactKey: Guid(83c4827a7fee2d14d8223993215449af) Importer(815301076,1909f56bfc062723c751e8b465ee728b)
Start importing Assets/Scripts/PlayerController.cs using Guid(83c4827a7fee2d14d8223993215449af) Importer(815301076,1909f56bfc062723c751e8b465ee728b)  -> (artifact id: 'a2c74aad9f09a09eb3c96faf1e25adfb') in 0.009965 seconds 
========================================================================
Received Import Request.
  Time since last request: 0.850901 seconds.
  path: Assets/Scripts/ScoreController.cs
  artifactKey: Guid(d726ec9b99423124bb50be9bf5c97e8e) Importer(815301076,1909f56bfc062723c751e8b465ee728b)
Start importing Assets/Scripts/ScoreController.cs using Guid(d726ec9b99423124bb50be9bf5c97e8e) Importer(815301076,1909f56bfc062723c751e8b465ee728b)  -> (artifact id: 'e43dc4c6c30bf9bee457db49c208d2d2') in 0.006975 seconds 
========================================================================
Received Import Request.
  Time since last request: 6.260964 seconds.
  path: Assets/Scripts/Coins.cs
  artifactKey: Guid(aae84ef9a04dbcb4789fd6ccf0f49347) Importer(815301076,1909f56bfc062723c751e8b465ee728b)
Start importing Assets/Scripts/Coins.cs using Guid(aae84ef9a04dbcb4789fd6ccf0f49347) Importer(815301076,1909f56bfc062723c751e8b465ee728b)  -> (artifact id: '44fee6a5c2c902952471d3f8c6b91617') in 0.008052 seconds 
========================================================================
Received Import Request.
  Time since last request: 51.463332 seconds.
  path: Assets/Scripts/Sounds.cs
  artifactKey: Guid(d66c86807d7862e46ac89f2ddbc37678) Importer(815301076,1909f56bfc062723c751e8b465ee728b)
Start importing Assets/Scripts/Sounds.cs using Guid(d66c86807d7862e46ac89f2ddbc37678) Importer(815301076,1909f56bfc062723c751e8b465ee728b)  -> (artifact id: 'f438ac20cf64df1e4559bab9624a007c') in 0.007283 seconds 
========================================================================
Received Import Request.
  Time since last request: 0.669447 seconds.
  path: Assets/Scripts/SetVolume.cs
  artifactKey: Guid(b0080b58cd6f35246852a7053cf8e01c) Importer(815301076,1909f56bfc062723c751e8b465ee728b)
Start importing Assets/Scripts/SetVolume.cs using Guid(b0080b58cd6f35246852a7053cf8e01c) Importer(815301076,1909f56bfc062723c751e8b465ee728b)  -> (artifact id: '06b25bab1277e5116fe6212dfca7605f') in 0.005609 seconds 
